[debug] [2023-10-27T22:53:13.790Z] ----------------------------------------------------------------------
[debug] [2023-10-27T22:53:13.792Z] Command:       /usr/local/bin/node /usr/local/bin/firebase init
[debug] [2023-10-27T22:53:13.792Z] CLI Version:   12.6.2
[debug] [2023-10-27T22:53:13.792Z] Platform:      darwin
[debug] [2023-10-27T22:53:13.792Z] Node Version:  v20.9.0
[debug] [2023-10-27T22:53:13.792Z] Time:          Fri Oct 27 2023 15:53:13 GMT-0700 (Pacific Daylight Time)
[debug] [2023-10-27T22:53:13.792Z] ----------------------------------------------------------------------
[debug] 
[debug] [2023-10-27T22:53:13.794Z] >>> [apiv2][query] GET https://firebase-public.firebaseio.com/cli.json [none]
[debug] [2023-10-27T22:53:13.820Z] > command requires scopes: ["email","openid","https://www.googleapis.com/auth/cloudplatformprojects.readonly","https://www.googleapis.com/auth/firebase","https://www.googleapis.com/auth/cloud-platform"]
[debug] [2023-10-27T22:53:13.820Z] > authorizing via signed-in user (sandovalvictor2022.09@gmail.com)
[info] 
     ######## #### ########  ######## ########     ###     ######  ########
     ##        ##  ##     ## ##       ##     ##  ##   ##  ##       ##
     ######    ##  ########  ######   ########  #########  ######  ######
     ##        ##  ##    ##  ##       ##     ## ##     ##       ## ##
     ##       #### ##     ## ######## ########  ##     ##  ######  ########

You're about to initialize a Firebase project in this directory:

  /Users/victorsandoval/Desktop/expense-tracker

[debug] [2023-10-27T22:53:13.995Z] <<< [apiv2][status] GET https://firebase-public.firebaseio.com/cli.json 200
[debug] [2023-10-27T22:53:13.996Z] <<< [apiv2][body] GET https://firebase-public.firebaseio.com/cli.json {"cloudBuildErrorAfter":1594252800000,"cloudBuildWarnAfter":1590019200000,"defaultNode10After":1594252800000,"minVersion":"3.0.5","node8DeploysDisabledAfter":1613390400000,"node8RuntimeDisabledAfter":1615809600000,"node8WarnAfter":1600128000000}
[info] 
=== Project Setup
[info] 
[info] First, let's associate this project directory with a Firebase project.
[info] You can create multiple project aliases by running firebase use --add, 
[info] but for now we'll just set up a default project.
[info] 
[debug] [2023-10-28T00:38:26.815Z] > refreshing access token with scopes: []
[debug] [2023-10-28T00:38:26.817Z] >>> [apiv2][query] POST https://www.googleapis.com/oauth2/v3/token [none]
[debug] [2023-10-28T00:38:26.817Z] >>> [apiv2][body] POST https://www.googleapis.com/oauth2/v3/token [omitted]
[debug] [2023-10-28T00:38:27.143Z] <<< [apiv2][status] POST https://www.googleapis.com/oauth2/v3/token 200
[debug] [2023-10-28T00:38:27.144Z] <<< [apiv2][body] POST https://www.googleapis.com/oauth2/v3/token [omitted]
[debug] [2023-10-28T00:38:27.158Z] >>> [apiv2][query] GET https://firebase.googleapis.com/v1beta1/projects pageSize=100
[debug] [2023-10-28T00:38:27.772Z] <<< [apiv2][status] GET https://firebase.googleapis.com/v1beta1/projects 200
[debug] [2023-10-28T00:38:27.772Z] <<< [apiv2][body] GET https://firebase.googleapis.com/v1beta1/projects [omitted]
[info] i  Using project expense-tracker-27ad6 (expense-tracker) 
[info] 
=== Hosting Setup
[info] 
[info] Your public directory is the folder (relative to your project directory) that
[info] will contain Hosting assets to be uploaded with firebase deploy. If you
[info] have a build process for your assets, use your build's output directory.
[info] 
[info] ✔  Wrote public/404.html 
[debug] [2023-10-28T00:39:46.546Z] >>> [apiv2][query] GET https://www.gstatic.com/firebasejs/releases.json [none]
[debug] [2023-10-28T00:39:46.661Z] <<< [apiv2][status] GET https://www.gstatic.com/firebasejs/releases.json 200
[debug] [2023-10-28T00:39:46.661Z] <<< [apiv2][body] GET https://www.gstatic.com/firebasejs/releases.json {"current":{"version":"10.5.2","browserURL":"https://www.gstatic.com/firebasejs/10.5.2/firebase.js","packageURL":"https://www.gstatic.com/firebasejs/10.5.2/firebase.tgz"},"live":{"version":"10.5","browserURL":"https://www.gstatic.com/firebasejs/live/10.5/firebase.js","packageURL":"https://www.gstatic.com/firebasejs/live/10.5/firebase.tgz"},"components":{"analytics":"https://www.gstatic.com/firebasejs/10.5.2/firebase-analytics.js","app":"https://www.gstatic.com/firebasejs/10.5.2/firebase-app.js","app-check":"https://www.gstatic.com/firebasejs/10.5.2/firebase-app-check.js","auth":"https://www.gstatic.com/firebasejs/10.5.2/firebase-auth.js","auth/cordova":"https://www.gstatic.com/firebasejs/10.5.2/firebase-auth/cordova.js","functions":"https://www.gstatic.com/firebasejs/10.5.2/firebase-functions.js","firestore":"https://www.gstatic.com/firebasejs/10.5.2/firebase-firestore.js","firestore/lite":"https://www.gstatic.com/firebasejs/10.5.2/firebase-firestore/lite.js","installations":"https://www.gstatic.com/firebasejs/10.5.2/firebase-installations.js","storage":"https://www.gstatic.com/firebasejs/10.5.2/firebase-storage.js","performance":"https://www.gstatic.com/firebasejs/10.5.2/firebase-performance.js","remote-config":"https://www.gstatic.com/firebasejs/10.5.2/firebase-remote-config.js","messaging":"https://www.gstatic.com/firebasejs/10.5.2/firebase-messaging.js","messaging/sw":"https://www.gstatic.com/firebasejs/10.5.2/firebase-messaging/sw.js","database":"https://www.gstatic.com/firebasejs/10.5.2/firebase-database.js","firestore.memory":"https://www.gstatic.com/firebasejs/10.5.2/firebase-firestore.memory.js"}}
[info] i  Skipping write of public/index.html 
[info] 
[info] i  Detected a .git folder at /Users/victorsandoval/Desktop/expense-tracker 
[info] i  Authorizing with GitHub to upload your service account to a GitHub repository's secrets store. 
[info] 
[info] Visit this URL on this device to log in:
[info] https://github.com/login/oauth/authorize?client_id=89cf50f02ac6aaed3484&state=699644875&redirect_uri=http%3A%2F%2Flocalhost%3A9005&scope=read%3Auser%20repo%20public_repo
[info] 
[info] Waiting for authentication...
[debug] [2023-10-28T00:40:58.117Z] >>> [apiv2][query] POST https://github.com/login/oauth/access_token [none]
[debug] [2023-10-28T00:40:58.117Z] >>> [apiv2][body] POST https://github.com/login/oauth/access_token [stream]
[debug] [2023-10-28T00:40:58.655Z] <<< [apiv2][status] POST https://github.com/login/oauth/access_token 200
[debug] [2023-10-28T00:40:58.656Z] <<< [apiv2][body] POST https://github.com/login/oauth/access_token {"access_token":"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","token_type":"bearer","scope":"read:user,repo"}
[debug] [2023-10-28T00:40:58.673Z] >>> [apiv2][query] GET https://api.github.com/user [none]
[debug] [2023-10-28T00:40:59.042Z] <<< [apiv2][status] GET https://api.github.com/user 200
[debug] [2023-10-28T00:40:59.043Z] <<< [apiv2][body] GET https://api.github.com/user {"login":"vsand10","id":129920618,"node_id":"U_kgDOB75uag","avatar_url":"https://avatars.githubusercontent.com/u/129920618?v=4","gravatar_id":"","url":"https://api.github.com/users/vsand10","html_url":"https://github.com/vsand10","followers_url":"https://api.github.com/users/vsand10/followers","following_url":"https://api.github.com/users/vsand10/following{/other_user}","gists_url":"https://api.github.com/users/vsand10/gists{/gist_id}","starred_url":"https://api.github.com/users/vsand10/starred{/owner}{/repo}","subscriptions_url":"https://api.github.com/users/vsand10/subscriptions","organizations_url":"https://api.github.com/users/vsand10/orgs","repos_url":"https://api.github.com/users/vsand10/repos","events_url":"https://api.github.com/users/vsand10/events{/privacy}","received_events_url":"https://api.github.com/users/vsand10/received_events","type":"User","site_admin":false,"name":null,"company":null,"blog":"","location":null,"email":null,"hireable":null,"bio":null,"twitter_username":null,"public_repos":3,"public_gists":0,"followers":0,"following":0,"created_at":"2023-04-05T02:57:12Z","updated_at":"2023-10-24T03:44:52Z","private_gists":0,"total_private_repos":0,"owned_private_repos":0,"disk_usage":1267,"collaborators":0,"two_factor_authentication":false,"plan":{"name":"free","space":976562499,"collaborators":0,"private_repos":10000}}
[info] 
[info] ✔  Success! Logged into GitHub as vsand10 
[info] 
